{"D:\\Training-JestExercise\\components\\DateInput\\DatePicker.component.js": {"path":"D:\\Training-JestExercise\\components\\DateInput\\DatePicker.component.js","statementMap":{"0":{"start":{"line":5,"column":4},"end":{"line":9,"column":6}}},"fnMap":{"0":{"name":"(anonymous_0)","decl":{"start":{"line":4,"column":2},"end":{"line":4,"column":3}},"loc":{"start":{"line":4,"column":11},"end":{"line":10,"column":3}},"line":4}},"branchMap":{},"s":{"0":1},"f":{"0":1},"b":{},"_coverageSchema":"43e27e138ebf9cfc5966b082cf9a028302ed4184","hash":"32095b7f2271676208a79223b30e6f3ae3ba35e6"}
,"D:\\Training-JestExercise\\components\\SimpleButton\\Button.component.js": {"path":"D:\\Training-JestExercise\\components\\SimpleButton\\Button.component.js","statementMap":{"0":{"start":{"line":5,"column":4},"end":{"line":7,"column":7}},"1":{"start":{"line":11,"column":4},"end":{"line":11,"column":75}}},"fnMap":{"0":{"name":"(anonymous_0)","decl":{"start":{"line":4,"column":2},"end":{"line":4,"column":3}},"loc":{"start":{"line":4,"column":22},"end":{"line":8,"column":3}},"line":4},"1":{"name":"(anonymous_1)","decl":{"start":{"line":10,"column":2},"end":{"line":10,"column":3}},"loc":{"start":{"line":10,"column":11},"end":{"line":12,"column":3}},"line":10}},"branchMap":{},"s":{"0":3,"1":6},"f":{"0":3,"1":6},"b":{},"_coverageSchema":"43e27e138ebf9cfc5966b082cf9a028302ed4184","hash":"ef6b8b63e44e8c1a9dfe096d392146142b8da7d7"}
,"D:\\Training-JestExercise\\components\\SimpleHOC\\SimpleFetchingComponent.js": {"path":"D:\\Training-JestExercise\\components\\SimpleHOC\\SimpleFetchingComponent.js","statementMap":{"0":{"start":{"line":5,"column":17},"end":{"line":22,"column":3}},"1":{"start":{"line":5,"column":24},"end":{"line":22,"column":3}},"2":{"start":{"line":6,"column":2},"end":{"line":22,"column":3}},"3":{"start":{"line":8,"column":6},"end":{"line":8,"column":19}},"4":{"start":{"line":10,"column":6},"end":{"line":10,"column":32}},"5":{"start":{"line":14,"column":23},"end":{"line":14,"column":72}},"6":{"start":{"line":16,"column":6},"end":{"line":16,"column":62}},"7":{"start":{"line":16,"column":37},"end":{"line":16,"column":60}},"8":{"start":{"line":20,"column":6},"end":{"line":20,"column":67}}},"fnMap":{"0":{"name":"(anonymous_0)","decl":{"start":{"line":5,"column":17},"end":{"line":5,"column":18}},"loc":{"start":{"line":5,"column":24},"end":{"line":22,"column":3}},"line":5},"1":{"name":"(anonymous_1)","decl":{"start":{"line":5,"column":24},"end":{"line":5,"column":25}},"loc":{"start":{"line":6,"column":2},"end":{"line":22,"column":3}},"line":6},"2":{"name":"(anonymous_2)","decl":{"start":{"line":7,"column":4},"end":{"line":7,"column":5}},"loc":{"start":{"line":7,"column":23},"end":{"line":11,"column":5}},"line":7},"3":{"name":"(anonymous_3)","decl":{"start":{"line":13,"column":4},"end":{"line":13,"column":5}},"loc":{"start":{"line":13,"column":24},"end":{"line":17,"column":5}},"line":13},"4":{"name":"(anonymous_4)","decl":{"start":{"line":16,"column":29},"end":{"line":16,"column":30}},"loc":{"start":{"line":16,"column":37},"end":{"line":16,"column":60}},"line":16},"5":{"name":"(anonymous_5)","decl":{"start":{"line":19,"column":4},"end":{"line":19,"column":5}},"loc":{"start":{"line":19,"column":13},"end":{"line":21,"column":5}},"line":19}},"branchMap":{"0":{"loc":{"start":{"line":14,"column":23},"end":{"line":14,"column":72}},"type":"cond-expr","locations":[{"start":{"line":14,"column":51},"end":{"line":14,"column":66}},{"start":{"line":14,"column":69},"end":{"line":14,"column":72}}],"line":14}},"s":{"0":1,"1":4,"2":4,"3":4,"4":4,"5":4,"6":4,"7":4,"8":8},"f":{"0":4,"1":4,"2":4,"3":4,"4":4,"5":8},"b":{"0":[1,3]},"_coverageSchema":"43e27e138ebf9cfc5966b082cf9a028302ed4184","hash":"5a33ffadb6d17e38a4fc7592eda1def21d3b24fd"}
}
